<?xml version="1.0" encoding="UTF-8"?>
<!-- Generated by org.testng.reporters.JUnitXMLReporter -->
<testsuite ignored="0" hostname="APL-5CD204B4B6" failures="1" tests="8" name="Test in Edge Browser" time="64.381" errors="0" timestamp="2022-07-04T18:43:20 IST">
  <testcase classname="stepDefinition.loginStepDefinition" name="the_user_launch_the_browser_and_url" time="21.157"/>
  <testcase classname="stepDefinition.loginStepDefinition" name="title_of_login_page_is_ford" time="0.049"/>
  <testcase classname="stepDefinition.loginStepDefinition" name="user_enters_username_and_password" time="0.906"/>
  <testcase classname="stepDefinition.loginStepDefinition" name="user_clicks_login_button" time="10.212"/>
  <testcase classname="stepDefinition.loginStepDefinition" name="user_is_on_home_page" time="0.018"/>
  <testcase classname="stepDefinition.loginStepDefinition" name="user_clicks_add_customer_button" time="10.201"/>
  <testcase classname="stepDefinition.loginStepDefinition" name="user_provides_customer_details" time="21.689">
    <failure type="org.openqa.selenium.StaleElementReferenceException" message="stale element reference: element is not attached to the page document
  (Session info: MicrosoftEdge=103.0.1264.44)
For documentation on this error, please visit: https://selenium.dev/exceptions/#stale_element_reference
Build info: version: &amp;apos;4.1.2&amp;apos;, revision: &amp;apos;9a5a329c5a&amp;apos;
System info: host: &amp;apos;APL-5CD204B4B6&amp;apos;, ip: &amp;apos;192.168.0.104&amp;apos;, os.name: &amp;apos;Windows 10&amp;apos;, os.arch: &amp;apos;amd64&amp;apos;, os.version: &amp;apos;10.0&amp;apos;, java.version: &amp;apos;18.0.1&amp;apos;
Driver info: org.openqa.selenium.edge.EdgeDriver
Command: [5834b546316f57678a263258fd7b558f, clearElement {id=ad0357e7-6545-41a5-b228-b67c793bbb4f}]
Capabilities {acceptInsecureCerts: false, browserName: msedge, browserVersion: 103.0.1264.44, javascriptEnabled: true, ms:edgeOptions: {debuggerAddress: localhost:65133}, msedge: {msedgedriverVersion: 103.0.1264.45 (c9e1f39b2be4..., userDataDir: C:\Users\SI2037~1\AppData\L...}, networkConnectionEnabled: false, pageLoadStrategy: normal, platform: WINDOWS, platformName: WINDOWS, proxy: Proxy(), se:cdp: ws://localhost:65133/devtoo..., se:cdpVersion: 103.0.1264.44, setWindowRect: true, strictFileInteractability: false, timeouts: {implicit: 0, pageLoad: 300000, script: 30000}, unhandledPromptBehavior: dismiss and notify, webauthn:extension:credBlob: true, webauthn:extension:largeBlob: true, webauthn:virtualAuthenticators: true}
Element: [[EdgeDriver: msedge on WINDOWS (5834b546316f57678a263258fd7b558f)] -&amp;gt; xpath: //*[@id=&amp;apos;bef99add&amp;apos;]]
Session ID: 5834b546316f57678a263258fd7b558f">
      <![CDATA[org.openqa.selenium.StaleElementReferenceException: stale element reference: element is not attached to the page document
  (Session info: MicrosoftEdge=103.0.1264.44)
For documentation on this error, please visit: https://selenium.dev/exceptions/#stale_element_reference
Build info: version: '4.1.2', revision: '9a5a329c5a'
System info: host: 'APL-5CD204B4B6', ip: '192.168.0.104', os.name: 'Windows 10', os.arch: 'amd64', os.version: '10.0', java.version: '18.0.1'
Driver info: org.openqa.selenium.edge.EdgeDriver
Command: [5834b546316f57678a263258fd7b558f, clearElement {id=ad0357e7-6545-41a5-b228-b67c793bbb4f}]
Capabilities {acceptInsecureCerts: false, browserName: msedge, browserVersion: 103.0.1264.44, javascriptEnabled: true, ms:edgeOptions: {debuggerAddress: localhost:65133}, msedge: {msedgedriverVersion: 103.0.1264.45 (c9e1f39b2be4..., userDataDir: C:\Users\SI2037~1\AppData\L...}, networkConnectionEnabled: false, pageLoadStrategy: normal, platform: WINDOWS, platformName: WINDOWS, proxy: Proxy(), se:cdp: ws://localhost:65133/devtoo..., se:cdpVersion: 103.0.1264.44, setWindowRect: true, strictFileInteractability: false, timeouts: {implicit: 0, pageLoad: 300000, script: 30000}, unhandledPromptBehavior: dismiss and notify, webauthn:extension:credBlob: true, webauthn:extension:largeBlob: true, webauthn:virtualAuthenticators: true}
Element: [[EdgeDriver: msedge on WINDOWS (5834b546316f57678a263258fd7b558f)] -> xpath: //*[@id='bef99add']]
Session ID: 5834b546316f57678a263258fd7b558f
at org.openqa.selenium.remote.codec.w3c.W3CHttpResponseCodec.createException(W3CHttpResponseCodec.java:200)
at org.openqa.selenium.remote.codec.w3c.W3CHttpResponseCodec.decode(W3CHttpResponseCodec.java:133)
at org.openqa.selenium.remote.codec.w3c.W3CHttpResponseCodec.decode(W3CHttpResponseCodec.java:53)
at org.openqa.selenium.remote.HttpCommandExecutor.execute(HttpCommandExecutor.java:184)
at org.openqa.selenium.remote.service.DriverCommandExecutor.invokeExecute(DriverCommandExecutor.java:167)
at org.openqa.selenium.remote.service.DriverCommandExecutor.execute(DriverCommandExecutor.java:142)
at org.openqa.selenium.remote.RemoteWebDriver.execute(RemoteWebDriver.java:558)
at org.openqa.selenium.remote.RemoteWebElement.execute(RemoteWebElement.java:251)
at org.openqa.selenium.remote.RemoteWebElement.clear(RemoteWebElement.java:126)
at stepDefinition.loginStepDefinition.user_provides_customer_details(loginStepDefinition.java:151)
at java.base/java.util.ArrayList.forEach(ArrayList.java:1511)
... Removed 28 stack frames]]>
    </failure>
  </testcase> <!-- user_provides_customer_details -->
  <testcase classname="stepDefinition.loginStepDefinition" name="user_clicks_next_step_button" time="0.105"/>
</testsuite> <!-- Test in Edge Browser -->
