<?xml version="1.0" encoding="UTF-8"?>
<!-- Generated by org.testng.reporters.JUnitXMLReporter -->
<testsuite ignored="0" hostname="L-156273956" failures="1" tests="9" name="Test in chrome Browser" time="35.552" errors="0" timestamp="2022-08-30T21:56:22 IST">
  <testcase classname="stepDefinition.TestScenario1" name="the_user_launch_the_browser_and_url" time="7.372"/>
  <testcase classname="stepDefinition.TestScenario1" name="click_on_simple_form" time="1.065">
    <failure type="org.openqa.selenium.StaleElementReferenceException" message="stale element reference: element is not attached to the page document
  (Session info: chrome=104.0.5112.102)
For documentation on this error, please visit: https://selenium.dev/exceptions/#stale_element_reference
Build info: version: &amp;apos;4.1.2&amp;apos;, revision: &amp;apos;9a5a329c5a&amp;apos;
System info: host: &amp;apos;L-156273956&amp;apos;, ip: &amp;apos;192.168.157.247&amp;apos;, os.name: &amp;apos;Windows 10&amp;apos;, os.arch: &amp;apos;amd64&amp;apos;, os.version: &amp;apos;10.0&amp;apos;, java.version: &amp;apos;16.0.1&amp;apos;
Driver info: org.openqa.selenium.chrome.ChromeDriver
Command: [ff2b13a0d845259ceca24904432b899c, getElementText {id=dc31d207-b115-45c7-a05e-da431fdd84b2}]
Capabilities {acceptInsecureCerts: false, browserName: chrome, browserVersion: 104.0.5112.102, chrome: {chromedriverVersion: 104.0.5112.79 (3cf3e8c8a07d..., userDataDir: C:\Users\ad40007989\AppData...}, goog:chromeOptions: {debuggerAddress: localhost:52936}, javascriptEnabled: true, networkConnectionEnabled: false, pageLoadStrategy: normal, platform: WINDOWS, platformName: WINDOWS, proxy: Proxy(), se:cdp: ws://localhost:52936/devtoo..., se:cdpVersion: 104.0.5112.102, setWindowRect: true, strictFileInteractability: false, timeouts: {implicit: 0, pageLoad: 300000, script: 30000}, unhandledPromptBehavior: dismiss and notify, webauthn:extension:credBlob: true, webauthn:extension:largeBlob: true, webauthn:virtualAuthenticators: true}
Element: [[ChromeDriver: chrome on WINDOWS (ff2b13a0d845259ceca24904432b899c)] -&amp;gt; xpath: //a[@href=&amp;apos;https://www.lambdatest.com/selenium-playground/simple-form-demo&amp;apos;]]
Session ID: ff2b13a0d845259ceca24904432b899c">
      <![CDATA[org.openqa.selenium.StaleElementReferenceException: stale element reference: element is not attached to the page document
  (Session info: chrome=104.0.5112.102)
For documentation on this error, please visit: https://selenium.dev/exceptions/#stale_element_reference
Build info: version: '4.1.2', revision: '9a5a329c5a'
System info: host: 'L-156273956', ip: '192.168.157.247', os.name: 'Windows 10', os.arch: 'amd64', os.version: '10.0', java.version: '16.0.1'
Driver info: org.openqa.selenium.chrome.ChromeDriver
Command: [ff2b13a0d845259ceca24904432b899c, getElementText {id=dc31d207-b115-45c7-a05e-da431fdd84b2}]
Capabilities {acceptInsecureCerts: false, browserName: chrome, browserVersion: 104.0.5112.102, chrome: {chromedriverVersion: 104.0.5112.79 (3cf3e8c8a07d..., userDataDir: C:\Users\ad40007989\AppData...}, goog:chromeOptions: {debuggerAddress: localhost:52936}, javascriptEnabled: true, networkConnectionEnabled: false, pageLoadStrategy: normal, platform: WINDOWS, platformName: WINDOWS, proxy: Proxy(), se:cdp: ws://localhost:52936/devtoo..., se:cdpVersion: 104.0.5112.102, setWindowRect: true, strictFileInteractability: false, timeouts: {implicit: 0, pageLoad: 300000, script: 30000}, unhandledPromptBehavior: dismiss and notify, webauthn:extension:credBlob: true, webauthn:extension:largeBlob: true, webauthn:virtualAuthenticators: true}
Element: [[ChromeDriver: chrome on WINDOWS (ff2b13a0d845259ceca24904432b899c)] -> xpath: //a[@href='https://www.lambdatest.com/selenium-playground/simple-form-demo']]
Session ID: ff2b13a0d845259ceca24904432b899c
at org.openqa.selenium.remote.codec.w3c.W3CHttpResponseCodec.createException(W3CHttpResponseCodec.java:200)
at org.openqa.selenium.remote.codec.w3c.W3CHttpResponseCodec.decode(W3CHttpResponseCodec.java:133)
at org.openqa.selenium.remote.codec.w3c.W3CHttpResponseCodec.decode(W3CHttpResponseCodec.java:53)
at org.openqa.selenium.remote.HttpCommandExecutor.execute(HttpCommandExecutor.java:184)
at org.openqa.selenium.remote.service.DriverCommandExecutor.invokeExecute(DriverCommandExecutor.java:167)
at org.openqa.selenium.remote.service.DriverCommandExecutor.execute(DriverCommandExecutor.java:142)
at org.openqa.selenium.remote.RemoteWebDriver.execute(RemoteWebDriver.java:558)
at org.openqa.selenium.remote.RemoteWebElement.execute(RemoteWebElement.java:251)
at org.openqa.selenium.remote.RemoteWebElement.getText(RemoteWebElement.java:201)
at stepDefinition.TestScenario1.click_on_simple_form(TestScenario1.java:55)
at java.base/java.util.ArrayList.forEach(ArrayList.java:1511)
... Removed 32 stack frames]]>
    </failure>
  </testcase> <!-- click_on_simple_form -->
  <testcase classname="stepDefinition.TestScenario1" name="Enter_Message" time="0.302"/>
  <testcase classname="stepDefinition.TestScenario1" name="Click_on_Get_Checked_Value" time="0.296"/>
  <testcase classname="stepDefinition.TestScenario2" name="the_user_launch_the_browser_and_url" time="9.633"/>
  <testcase classname="stepDefinition.TestScenario2" name="click_on_Drag_and_Drop" time="0.85"/>
  <testcase classname="stepDefinition.TestScenario2" name="Increase_the_Bar" time="7.336"/>
  <testcase classname="stepDefinition.TestScenario3" name="the_user_launch_the_browser_and_url" time="5.867"/>
  <testcase classname="stepDefinition.TestScenario3" name="Fill_the_Form" time="2.688"/>
</testsuite> <!-- Test in chrome Browser -->
